<?xml version="1.0" encoding="UTF-8"?>
<!-- Generated by org.testng.reporters.JUnitXMLReporter -->
<testsuite ignored="0" hostname="DESKTOP-VIK3TUQ" failures="0" tests="3" name="Test" time="21.388" errors="0" timestamp="2024-01-13T10:52:13 IST">
  <testcase classname="com.ResourcesTESTCASES.RegisterAccountTestCases" name="verifyRegisterationWithBlankData" time="3.679"/>
  <testcase classname="com.ResourcesTESTCASES.RegisterAccountTestCases" name="verifyRegisterationWithData" time="2.144"/>
  <testcase classname="com.ResourcesTESTCASES.LoginTestCases" name="verifyRegisteration" time="5.01"/>
</testsuite> <!-- Test -->
