<?xml version="1.0" encoding="UTF-8"?>
<testng-results ignored="0" total="3" passed="3" failed="0" skipped="0">
  <reporter-output>
  </reporter-output>
  <suite started-at="2024-01-13T10:51:52 IST" name="Suite" finished-at="2024-01-13T10:52:13 IST" duration-ms="21388">
    <groups>
    </groups>
    <test started-at="2024-01-13T10:51:52 IST" name="Test" finished-at="2024-01-13T10:52:13 IST" duration-ms="21388">
      <class name="com.ResourcesTESTCASES.RegisterAccountTestCases">
        <test-method is-config="true" signature="launchBroswer()[pri:0, instance:com.ResourcesTESTCASES.RegisterAccountTestCases@e15b7e8]" started-at="2024-01-13T10:51:52 IST" name="launchBroswer" finished-at="2024-01-13T10:51:57 IST" duration-ms="5841" status="PASS">
          <reporter-output>
          </reporter-output>
        </test-method> <!-- launchBroswer -->
        <test-method signature="verifyRegisterationWithBlankData()[pri:0, instance:com.ResourcesTESTCASES.RegisterAccountTestCases@e15b7e8]" started-at="2024-01-13T10:51:57 IST" name="verifyRegisterationWithBlankData" finished-at="2024-01-13T10:52:01 IST" duration-ms="3679" status="PASS">
          <reporter-output>
          </reporter-output>
        </test-method> <!-- verifyRegisterationWithBlankData -->
        <test-method signature="verifyRegisterationWithData()[pri:0, instance:com.ResourcesTESTCASES.RegisterAccountTestCases@e15b7e8]" started-at="2024-01-13T10:52:01 IST" name="verifyRegisterationWithData" finished-at="2024-01-13T10:52:03 IST" depends-on-methods="com.ResourcesTESTCASES.RegisterAccountTestCases.verifyRegisterationWithBlankData" duration-ms="2144" status="PASS">
          <reporter-output>
          </reporter-output>
        </test-method> <!-- verifyRegisterationWithData -->
      </class> <!-- com.ResourcesTESTCASES.RegisterAccountTestCases -->
      <class name="com.ResourcesTESTCASES.LoginTestCases">
        <test-method is-config="true" signature="launchBroswer()[pri:0, instance:com.ResourcesTESTCASES.LoginTestCases@485966cc]" started-at="2024-01-13T10:52:03 IST" name="launchBroswer" finished-at="2024-01-13T10:52:08 IST" duration-ms="4619" status="PASS">
          <reporter-output>
          </reporter-output>
        </test-method> <!-- launchBroswer -->
        <test-method signature="verifyRegisteration()[pri:0, instance:com.ResourcesTESTCASES.LoginTestCases@485966cc]" started-at="2024-01-13T10:52:08 IST" name="verifyRegisteration" finished-at="2024-01-13T10:52:13 IST" duration-ms="5010" status="PASS">
          <reporter-output>
          </reporter-output>
        </test-method> <!-- verifyRegisteration -->
      </class> <!-- com.ResourcesTESTCASES.LoginTestCases -->
    </test> <!-- Test -->
  </suite> <!-- Suite -->
</testng-results>
